<?xml version="1.0" encoding="UTF-8"?>
<!-- Generated by org.testng.reporters.JUnitXMLReporter -->
<testsuite ignored="0" hostname="DESKTOP-3HMNV2I" failures="0" tests="8" name="Test" time="216.832" errors="0" timestamp="2023-07-12T21:36:40 GMT-05:00">
  <testcase classname="org.testing.testScripts.testCase1" name="tc1" time="8.883"/>
  <testcase classname="org.testing.testScripts.testCase2" name="tc2" time="7.692"/>
  <testcase classname="org.testing.testScripts.testCase3" name="tc3" time="7.471"/>
  <testcase classname="org.testing.testScripts.testCase4" name="tc4" time="7.116"/>
  <testcase classname="org.testing.testScripts.testCase5" name="tc5" time="8.307"/>
  <testcase classname="org.testing.testScripts.testCase6" name="tc6" time="8.349"/>
  <testcase classname="org.testing.testScripts.testCase7" name="tc7" time="7.18"/>
  <testcase classname="org.testing.testScripts.testCase8" name="tc8" time="10.133"/>
</testsuite> <!-- Test -->
