<?xml version="1.0" encoding="UTF-8"?>
<!-- Generated by org.testng.reporters.JUnitXMLReporter -->
<testsuite ignored="0" hostname="DESKTOP-3HMNV2I" failures="0" tests="8" name="Test" time="145.467" errors="0" timestamp="2023-07-13T16:38:53 GMT-05:00">
  <testcase classname="org.testing.testScripts.testCase1" name="tc1" time="9.28"/>
  <testcase classname="org.testing.testScripts.testCase2" name="tc2" time="6.866"/>
  <testcase classname="org.testing.testScripts.testCase3" name="tc3" time="6.705"/>
  <testcase classname="org.testing.testScripts.testCase4" name="tc4" time="6.601"/>
  <testcase classname="org.testing.testScripts.testCase5" name="tc5" time="6.581"/>
  <testcase classname="org.testing.testScripts.testCase6" name="tc6" time="6.582"/>
  <testcase classname="org.testing.testScripts.testCase7" name="tc7" time="6.661"/>
  <testcase classname="org.testing.testScripts.testCase8" name="tc8" time="6.665"/>
</testsuite> <!-- Test -->
