<?xml version="1.0" encoding="UTF-8"?>
<!-- Generated by org.testng.reporters.JUnitXMLReporter -->
<testsuite ignored="0" hostname="DESKTOP-3HMNV2I" failures="0" tests="2" name="Default XmlTest name 9dbef263-8596-4ab3-9f8a-5faac76cf93d" time="39.942" errors="0" timestamp="2023-07-06T18:41:35 GMT-05:00">
  <testcase classname="org.testing.testScripts.testCase1" name="tc1" time="8.011"/>
  <testcase classname="org.testing.testScripts.testCase2" name="tc2" time="6.797"/>
</testsuite> <!-- Default XmlTest name 9dbef263-8596-4ab3-9f8a-5faac76cf93d -->
