<?xml version="1.0" encoding="UTF-8"?>
<!-- Generated by org.testng.reporters.JUnitXMLReporter -->
<testsuite ignored="0" hostname="DESKTOP-3HMNV2I" failures="0" tests="2" name="Default XmlTest name 82ead064-a7e1-43e0-8072-044d6bf759cd" time="37.38" errors="0" timestamp="2023-07-06T18:36:10 GMT-05:00">
  <testcase classname="org.testing.testScripts.testCase1" name="tc1" time="6.953"/>
  <testcase classname="org.testing.testScripts.testCase2" name="tc2" time="7.064"/>
</testsuite> <!-- Default XmlTest name 82ead064-a7e1-43e0-8072-044d6bf759cd -->
