<?xml version="1.0" encoding="UTF-8"?>
<testng-results ignored="0" total="8" passed="8" failed="0" skipped="0">
  <reporter-output>
  </reporter-output>
  <suite started-at="2023-07-13T16:36:28 GMT-05:00" name="Suite" finished-at="2023-07-13T16:38:53 GMT-05:00" duration-ms="145467">
    <groups>
    </groups>
    <test started-at="2023-07-13T16:36:28 GMT-05:00" name="Test" finished-at="2023-07-13T16:38:53 GMT-05:00" duration-ms="145467">
      <class name="org.testing.testScripts.testCase1">
        <test-method is-config="true" signature="openUrl()[pri:0, instance:org.testing.testScripts.testCase1@5038d0b5]" started-at="2023-07-13T16:36:28 GMT-05:00" name="openUrl" finished-at="2023-07-13T16:36:43 GMT-05:00" duration-ms="15723" status="PASS">
          <reporter-output>
          </reporter-output>
        </test-method> <!-- openUrl -->
        <test-method signature="tc1()[pri:0, instance:org.testing.testScripts.testCase1@5038d0b5]" started-at="2023-07-13T16:36:43 GMT-05:00" name="tc1" finished-at="2023-07-13T16:36:53 GMT-05:00" duration-ms="9280" status="PASS">
          <reporter-output>
          </reporter-output>
        </test-method> <!-- tc1 -->
        <test-method is-config="true" signature="closeBrowser()[pri:0, instance:org.testing.testScripts.testCase1@5038d0b5]" started-at="2023-07-13T16:36:53 GMT-05:00" name="closeBrowser" finished-at="2023-07-13T16:36:53 GMT-05:00" duration-ms="359" status="PASS">
          <reporter-output>
          </reporter-output>
        </test-method> <!-- closeBrowser -->
      </class> <!-- org.testing.testScripts.testCase1 -->
      <class name="org.testing.testScripts.testCase3">
        <test-method is-config="true" signature="openUrl()[pri:0, instance:org.testing.testScripts.testCase3@1169afe1]" started-at="2023-07-13T16:37:11 GMT-05:00" name="openUrl" finished-at="2023-07-13T16:37:21 GMT-05:00" duration-ms="10011" status="PASS">
          <reporter-output>
          </reporter-output>
        </test-method> <!-- openUrl -->
        <test-method signature="tc3()[pri:2, instance:org.testing.testScripts.testCase3@1169afe1]" started-at="2023-07-13T16:37:21 GMT-05:00" name="tc3" finished-at="2023-07-13T16:37:27 GMT-05:00" duration-ms="6705" status="PASS">
          <reporter-output>
          </reporter-output>
        </test-method> <!-- tc3 -->
        <test-method is-config="true" signature="closeBrowser()[pri:0, instance:org.testing.testScripts.testCase3@1169afe1]" started-at="2023-07-13T16:37:27 GMT-05:00" name="closeBrowser" finished-at="2023-07-13T16:37:28 GMT-05:00" duration-ms="241" status="PASS">
          <reporter-output>
          </reporter-output>
        </test-method> <!-- closeBrowser -->
      </class> <!-- org.testing.testScripts.testCase3 -->
      <class name="org.testing.testScripts.testCase2">
        <test-method is-config="true" signature="openUrl()[pri:0, instance:org.testing.testScripts.testCase2@747f281]" started-at="2023-07-13T16:36:53 GMT-05:00" name="openUrl" finished-at="2023-07-13T16:37:03 GMT-05:00" duration-ms="10403" status="PASS">
          <reporter-output>
          </reporter-output>
        </test-method> <!-- openUrl -->
        <test-method signature="tc2()[pri:1, instance:org.testing.testScripts.testCase2@747f281]" started-at="2023-07-13T16:37:03 GMT-05:00" name="tc2" finished-at="2023-07-13T16:37:10 GMT-05:00" duration-ms="6866" status="PASS">
          <reporter-output>
          </reporter-output>
        </test-method> <!-- tc2 -->
        <test-method is-config="true" signature="closeBrowser()[pri:0, instance:org.testing.testScripts.testCase2@747f281]" started-at="2023-07-13T16:37:10 GMT-05:00" name="closeBrowser" finished-at="2023-07-13T16:37:11 GMT-05:00" duration-ms="236" status="PASS">
          <reporter-output>
          </reporter-output>
        </test-method> <!-- closeBrowser -->
      </class> <!-- org.testing.testScripts.testCase2 -->
      <class name="org.testing.testScripts.testCase5">
        <test-method is-config="true" signature="openUrl()[pri:0, instance:org.testing.testScripts.testCase5@4808bc9b]" started-at="2023-07-13T16:37:45 GMT-05:00" name="openUrl" finished-at="2023-07-13T16:37:55 GMT-05:00" duration-ms="10052" status="PASS">
          <reporter-output>
          </reporter-output>
        </test-method> <!-- openUrl -->
        <test-method signature="tc5()[pri:4, instance:org.testing.testScripts.testCase5@4808bc9b]" started-at="2023-07-13T16:37:55 GMT-05:00" name="tc5" finished-at="2023-07-13T16:38:01 GMT-05:00" duration-ms="6581" status="PASS">
          <reporter-output>
          </reporter-output>
        </test-method> <!-- tc5 -->
        <test-method is-config="true" signature="closeBrowser()[pri:0, instance:org.testing.testScripts.testCase5@4808bc9b]" started-at="2023-07-13T16:38:01 GMT-05:00" name="closeBrowser" finished-at="2023-07-13T16:38:02 GMT-05:00" duration-ms="219" status="PASS">
          <reporter-output>
          </reporter-output>
        </test-method> <!-- closeBrowser -->
      </class> <!-- org.testing.testScripts.testCase5 -->
      <class name="org.testing.testScripts.testCase4">
        <test-method is-config="true" signature="openUrl()[pri:0, instance:org.testing.testScripts.testCase4@2ca26d77]" started-at="2023-07-13T16:37:28 GMT-05:00" name="openUrl" finished-at="2023-07-13T16:37:38 GMT-05:00" duration-ms="10368" status="PASS">
          <reporter-output>
          </reporter-output>
        </test-method> <!-- openUrl -->
        <test-method signature="tc4()[pri:3, instance:org.testing.testScripts.testCase4@2ca26d77]" started-at="2023-07-13T16:37:38 GMT-05:00" name="tc4" finished-at="2023-07-13T16:37:44 GMT-05:00" duration-ms="6601" status="PASS">
          <reporter-output>
          </reporter-output>
        </test-method> <!-- tc4 -->
        <test-method is-config="true" signature="closeBrowser()[pri:0, instance:org.testing.testScripts.testCase4@2ca26d77]" started-at="2023-07-13T16:37:45 GMT-05:00" name="closeBrowser" finished-at="2023-07-13T16:37:45 GMT-05:00" duration-ms="204" status="PASS">
          <reporter-output>
          </reporter-output>
        </test-method> <!-- closeBrowser -->
      </class> <!-- org.testing.testScripts.testCase4 -->
      <class name="org.testing.testScripts.testCase7">
        <test-method is-config="true" signature="openUrl()[pri:0, instance:org.testing.testScripts.testCase7@2ca923bb]" started-at="2023-07-13T16:38:19 GMT-05:00" name="openUrl" finished-at="2023-07-13T16:38:29 GMT-05:00" duration-ms="10174" status="PASS">
          <reporter-output>
          </reporter-output>
        </test-method> <!-- openUrl -->
        <test-method signature="tc7()[pri:6, instance:org.testing.testScripts.testCase7@2ca923bb]" started-at="2023-07-13T16:38:29 GMT-05:00" name="tc7" finished-at="2023-07-13T16:38:35 GMT-05:00" duration-ms="6661" status="PASS">
          <reporter-output>
          </reporter-output>
        </test-method> <!-- tc7 -->
        <test-method is-config="true" signature="closeBrowser()[pri:0, instance:org.testing.testScripts.testCase7@2ca923bb]" started-at="2023-07-13T16:38:35 GMT-05:00" name="closeBrowser" finished-at="2023-07-13T16:38:36 GMT-05:00" duration-ms="229" status="PASS">
          <reporter-output>
          </reporter-output>
        </test-method> <!-- closeBrowser -->
      </class> <!-- org.testing.testScripts.testCase7 -->
      <class name="org.testing.testScripts.testCase6">
        <test-method is-config="true" signature="openUrl()[pri:0, instance:org.testing.testScripts.testCase6@70e38ce1]" started-at="2023-07-13T16:38:02 GMT-05:00" name="openUrl" finished-at="2023-07-13T16:38:12 GMT-05:00" duration-ms="10147" status="PASS">
          <reporter-output>
          </reporter-output>
        </test-method> <!-- openUrl -->
        <test-method signature="tc6()[pri:5, instance:org.testing.testScripts.testCase6@70e38ce1]" started-at="2023-07-13T16:38:12 GMT-05:00" name="tc6" finished-at="2023-07-13T16:38:18 GMT-05:00" duration-ms="6582" status="PASS">
          <reporter-output>
          </reporter-output>
        </test-method> <!-- tc6 -->
        <test-method is-config="true" signature="closeBrowser()[pri:0, instance:org.testing.testScripts.testCase6@70e38ce1]" started-at="2023-07-13T16:38:18 GMT-05:00" name="closeBrowser" finished-at="2023-07-13T16:38:19 GMT-05:00" duration-ms="213" status="PASS">
          <reporter-output>
          </reporter-output>
        </test-method> <!-- closeBrowser -->
      </class> <!-- org.testing.testScripts.testCase6 -->
      <class name="org.testing.testScripts.testCase8">
        <test-method is-config="true" signature="openUrl()[pri:0, instance:org.testing.testScripts.testCase8@13df2a8c]" started-at="2023-07-13T16:38:36 GMT-05:00" name="openUrl" finished-at="2023-07-13T16:38:46 GMT-05:00" duration-ms="10601" status="PASS">
          <reporter-output>
          </reporter-output>
        </test-method> <!-- openUrl -->
        <test-method signature="tc8()[pri:7, instance:org.testing.testScripts.testCase8@13df2a8c]" started-at="2023-07-13T16:38:46 GMT-05:00" name="tc8" finished-at="2023-07-13T16:38:53 GMT-05:00" duration-ms="6665" status="PASS">
          <reporter-output>
          </reporter-output>
        </test-method> <!-- tc8 -->
        <test-method is-config="true" signature="closeBrowser()[pri:0, instance:org.testing.testScripts.testCase8@13df2a8c]" started-at="2023-07-13T16:38:53 GMT-05:00" name="closeBrowser" finished-at="2023-07-13T16:38:53 GMT-05:00" duration-ms="195" status="PASS">
          <reporter-output>
          </reporter-output>
        </test-method> <!-- closeBrowser -->
      </class> <!-- org.testing.testScripts.testCase8 -->
    </test> <!-- Test -->
  </suite> <!-- Suite -->
</testng-results>
