<?xml version="1.0" encoding="UTF-8"?>
<testng-results ignored="0" total="8" passed="8" failed="0" skipped="0">
  <reporter-output>
  </reporter-output>
  <suite started-at="2023-07-12T21:33:03 GMT-05:00" name="Suite" finished-at="2023-07-12T21:36:39 GMT-05:00" duration-ms="216832">
    <groups>
    </groups>
    <test started-at="2023-07-12T21:33:03 GMT-05:00" name="Test" finished-at="2023-07-12T21:36:39 GMT-05:00" duration-ms="216832">
      <class name="org.testing.testScripts.testCase1">
        <test-method is-config="true" signature="openUrl()[pri:0, instance:org.testing.testScripts.testCase1@5038d0b5]" started-at="2023-07-12T21:33:03 GMT-05:00" name="openUrl" finished-at="2023-07-12T21:33:30 GMT-05:00" duration-ms="27657" status="PASS">
          <reporter-output>
          </reporter-output>
        </test-method> <!-- openUrl -->
        <test-method signature="tc1()[pri:0, instance:org.testing.testScripts.testCase1@5038d0b5]" started-at="2023-07-12T21:33:30 GMT-05:00" name="tc1" finished-at="2023-07-12T21:33:39 GMT-05:00" duration-ms="8883" status="PASS">
          <reporter-output>
          </reporter-output>
        </test-method> <!-- tc1 -->
        <test-method is-config="true" signature="closeBrowser()[pri:0, instance:org.testing.testScripts.testCase1@5038d0b5]" started-at="2023-07-12T21:33:39 GMT-05:00" name="closeBrowser" finished-at="2023-07-12T21:33:40 GMT-05:00" duration-ms="830" status="PASS">
          <reporter-output>
          </reporter-output>
        </test-method> <!-- closeBrowser -->
      </class> <!-- org.testing.testScripts.testCase1 -->
      <class name="org.testing.testScripts.testCase3">
        <test-method is-config="true" signature="openUrl()[pri:0, instance:org.testing.testScripts.testCase3@1169afe1]" started-at="2023-07-12T21:34:02 GMT-05:00" name="openUrl" finished-at="2023-07-12T21:34:17 GMT-05:00" duration-ms="14761" status="PASS">
          <reporter-output>
          </reporter-output>
        </test-method> <!-- openUrl -->
        <test-method signature="tc3()[pri:2, instance:org.testing.testScripts.testCase3@1169afe1]" started-at="2023-07-12T21:34:17 GMT-05:00" name="tc3" finished-at="2023-07-12T21:34:25 GMT-05:00" duration-ms="7471" status="PASS">
          <reporter-output>
          </reporter-output>
        </test-method> <!-- tc3 -->
        <test-method is-config="true" signature="closeBrowser()[pri:0, instance:org.testing.testScripts.testCase3@1169afe1]" started-at="2023-07-12T21:34:25 GMT-05:00" name="closeBrowser" finished-at="2023-07-12T21:34:25 GMT-05:00" duration-ms="296" status="PASS">
          <reporter-output>
          </reporter-output>
        </test-method> <!-- closeBrowser -->
      </class> <!-- org.testing.testScripts.testCase3 -->
      <class name="org.testing.testScripts.testCase2">
        <test-method is-config="true" signature="openUrl()[pri:0, instance:org.testing.testScripts.testCase2@747f281]" started-at="2023-07-12T21:33:40 GMT-05:00" name="openUrl" finished-at="2023-07-12T21:33:54 GMT-05:00" duration-ms="14412" status="PASS">
          <reporter-output>
          </reporter-output>
        </test-method> <!-- openUrl -->
        <test-method signature="tc2()[pri:1, instance:org.testing.testScripts.testCase2@747f281]" started-at="2023-07-12T21:33:54 GMT-05:00" name="tc2" finished-at="2023-07-12T21:34:02 GMT-05:00" duration-ms="7692" status="PASS">
          <reporter-output>
          </reporter-output>
        </test-method> <!-- tc2 -->
        <test-method is-config="true" signature="closeBrowser()[pri:0, instance:org.testing.testScripts.testCase2@747f281]" started-at="2023-07-12T21:34:02 GMT-05:00" name="closeBrowser" finished-at="2023-07-12T21:34:02 GMT-05:00" duration-ms="234" status="PASS">
          <reporter-output>
          </reporter-output>
        </test-method> <!-- closeBrowser -->
      </class> <!-- org.testing.testScripts.testCase2 -->
      <class name="org.testing.testScripts.testCase5">
        <test-method is-config="true" signature="openUrl()[pri:0, instance:org.testing.testScripts.testCase5@4808bc9b]" started-at="2023-07-12T21:34:45 GMT-05:00" name="openUrl" finished-at="2023-07-12T21:35:00 GMT-05:00" duration-ms="15087" status="PASS">
          <reporter-output>
          </reporter-output>
        </test-method> <!-- openUrl -->
        <test-method signature="tc5()[pri:4, instance:org.testing.testScripts.testCase5@4808bc9b]" started-at="2023-07-12T21:35:00 GMT-05:00" name="tc5" finished-at="2023-07-12T21:35:09 GMT-05:00" duration-ms="8307" status="PASS">
          <reporter-output>
          </reporter-output>
        </test-method> <!-- tc5 -->
        <test-method is-config="true" signature="closeBrowser()[pri:0, instance:org.testing.testScripts.testCase5@4808bc9b]" started-at="2023-07-12T21:35:09 GMT-05:00" name="closeBrowser" finished-at="2023-07-12T21:35:12 GMT-05:00" duration-ms="3438" status="PASS">
          <reporter-output>
          </reporter-output>
        </test-method> <!-- closeBrowser -->
      </class> <!-- org.testing.testScripts.testCase5 -->
      <class name="org.testing.testScripts.testCase4">
        <test-method is-config="true" signature="openUrl()[pri:0, instance:org.testing.testScripts.testCase4@2ca26d77]" started-at="2023-07-12T21:34:25 GMT-05:00" name="openUrl" finished-at="2023-07-12T21:34:38 GMT-05:00" duration-ms="12942" status="PASS">
          <reporter-output>
          </reporter-output>
        </test-method> <!-- openUrl -->
        <test-method signature="tc4()[pri:3, instance:org.testing.testScripts.testCase4@2ca26d77]" started-at="2023-07-12T21:34:38 GMT-05:00" name="tc4" finished-at="2023-07-12T21:34:45 GMT-05:00" duration-ms="7116" status="PASS">
          <reporter-output>
          </reporter-output>
        </test-method> <!-- tc4 -->
        <test-method is-config="true" signature="closeBrowser()[pri:0, instance:org.testing.testScripts.testCase4@2ca26d77]" started-at="2023-07-12T21:34:45 GMT-05:00" name="closeBrowser" finished-at="2023-07-12T21:34:45 GMT-05:00" duration-ms="337" status="PASS">
          <reporter-output>
          </reporter-output>
        </test-method> <!-- closeBrowser -->
      </class> <!-- org.testing.testScripts.testCase4 -->
      <class name="org.testing.testScripts.testCase7">
        <test-method is-config="true" signature="openUrl()[pri:0, instance:org.testing.testScripts.testCase7@2ca923bb]" started-at="2023-07-12T21:35:47 GMT-05:00" name="openUrl" finished-at="2023-07-12T21:36:02 GMT-05:00" duration-ms="15543" status="PASS">
          <reporter-output>
          </reporter-output>
        </test-method> <!-- openUrl -->
        <test-method signature="tc7()[pri:6, instance:org.testing.testScripts.testCase7@2ca923bb]" started-at="2023-07-12T21:36:02 GMT-05:00" name="tc7" finished-at="2023-07-12T21:36:09 GMT-05:00" duration-ms="7180" status="PASS">
          <reporter-output>
          </reporter-output>
        </test-method> <!-- tc7 -->
        <test-method is-config="true" signature="closeBrowser()[pri:0, instance:org.testing.testScripts.testCase7@2ca923bb]" started-at="2023-07-12T21:36:09 GMT-05:00" name="closeBrowser" finished-at="2023-07-12T21:36:10 GMT-05:00" duration-ms="625" status="PASS">
          <reporter-output>
          </reporter-output>
        </test-method> <!-- closeBrowser -->
      </class> <!-- org.testing.testScripts.testCase7 -->
      <class name="org.testing.testScripts.testCase6">
        <test-method is-config="true" signature="openUrl()[pri:0, instance:org.testing.testScripts.testCase6@70e38ce1]" started-at="2023-07-12T21:35:12 GMT-05:00" name="openUrl" finished-at="2023-07-12T21:35:38 GMT-05:00" duration-ms="25469" status="PASS">
          <reporter-output>
          </reporter-output>
        </test-method> <!-- openUrl -->
        <test-method signature="tc6()[pri:5, instance:org.testing.testScripts.testCase6@70e38ce1]" started-at="2023-07-12T21:35:38 GMT-05:00" name="tc6" finished-at="2023-07-12T21:35:46 GMT-05:00" duration-ms="8349" status="PASS">
          <reporter-output>
          </reporter-output>
        </test-method> <!-- tc6 -->
        <test-method is-config="true" signature="closeBrowser()[pri:0, instance:org.testing.testScripts.testCase6@70e38ce1]" started-at="2023-07-12T21:35:46 GMT-05:00" name="closeBrowser" finished-at="2023-07-12T21:35:47 GMT-05:00" duration-ms="631" status="PASS">
          <reporter-output>
          </reporter-output>
        </test-method> <!-- closeBrowser -->
      </class> <!-- org.testing.testScripts.testCase6 -->
      <class name="org.testing.testScripts.testCase8">
        <test-method is-config="true" signature="openUrl()[pri:0, instance:org.testing.testScripts.testCase8@13df2a8c]" started-at="2023-07-12T21:36:10 GMT-05:00" name="openUrl" finished-at="2023-07-12T21:36:29 GMT-05:00" duration-ms="18790" status="PASS">
          <reporter-output>
          </reporter-output>
        </test-method> <!-- openUrl -->
        <test-method signature="tc8()[pri:7, instance:org.testing.testScripts.testCase8@13df2a8c]" started-at="2023-07-12T21:36:29 GMT-05:00" name="tc8" finished-at="2023-07-12T21:36:39 GMT-05:00" duration-ms="10133" status="PASS">
          <reporter-output>
          </reporter-output>
        </test-method> <!-- tc8 -->
        <test-method is-config="true" signature="closeBrowser()[pri:0, instance:org.testing.testScripts.testCase8@13df2a8c]" started-at="2023-07-12T21:36:39 GMT-05:00" name="closeBrowser" finished-at="2023-07-12T21:36:39 GMT-05:00" duration-ms="433" status="PASS">
          <reporter-output>
          </reporter-output>
        </test-method> <!-- closeBrowser -->
      </class> <!-- org.testing.testScripts.testCase8 -->
    </test> <!-- Test -->
  </suite> <!-- Suite -->
</testng-results>
